2023-02-24 11:06:56,753 DEBUG    root            Loaded Command Group: ['gcloud', 'compute']
2023-02-24 11:06:56,806 DEBUG    root            Loaded Command Group: ['gcloud', 'compute', 'ssh']
2023-02-24 11:06:56,809 DEBUG    root            Running [gcloud.compute.ssh] with arguments: [[USER@]INSTANCE: "nghia@warden"]
2023-02-24 11:06:56,923 DEBUG    google.auth.transport.requests Making request: POST https://oauth2.googleapis.com/token
2023-02-24 11:06:56,926 DEBUG    urllib3.connectionpool Starting new HTTPS connection (1): oauth2.googleapis.com:443
2023-02-24 11:06:57,125 DEBUG    urllib3.connectionpool https://oauth2.googleapis.com:443 "POST /token HTTP/1.1" 200 None
2023-02-24 11:06:57,272 DEBUG    urllib3.connectionpool Starting new HTTPS connection (1): compute.googleapis.com:443
2023-02-24 11:06:57,767 DEBUG    urllib3.connectionpool https://compute.googleapis.com:443 "POST /batch/compute/v1 HTTP/1.1" 200 None
2023-02-24 11:06:57,772 DEBUG    urllib3.connectionpool Starting new HTTPS connection (1): compute.googleapis.com:443
2023-02-24 11:06:58,277 DEBUG    urllib3.connectionpool https://compute.googleapis.com:443 "POST /batch/compute/v1 HTTP/1.1" 200 None
2023-02-24 11:06:58,281 DEBUG    root            OS Login Enabled: False
Security Keys Enabled: False
Username: nghia
SSH Security Key Support: None
Environment: None
Security Keys:


2023-02-24 11:06:58,283 DEBUG    root            Current SSH keys in project: ['nghia:ssh-rsa AAAAB3NzaC1yc2EAAAADAQABAAABgQCZ2TokNqfc3wc/uj7DmEBiX6O++5sHADISNI44NcKAo7mW1L7ZOWkN0SYgscduA6Prga90XXpK/0AK2cgLHCcN0OUGxyBpc3+7n+h//oCHFbevuUhTIHnksoAxqKTpVI+7rC4wfHyfwr/kwx8Bk3l+bz9M4vVOINQySS5TkM4YBWyHDQ3bEBEa8gXJ8SKvDvKR0Uw+ebXhY8B1RXUY+QeA9IIxD5sn4+LpzPjpCXwZoTxF+joUDs9dSB9MTvUs7oEUBRQ1eAo4CKgE/uFxXsrLjrP0hHcerUOcfgFS4Cq945A6nd3g/GIut2ALw2dAyLq2VSm8dF5tgPOqG7C7+tQwQG27pcUblzx2OpRAYb/WotMH0MSGLXzXKpa3dQzi8VgNvHC07Z0SoGl3bQKV0DTqTCHZ2AhvMHn++EPhu6w7W66wfX8gLL6XAH0eLt3xu/xKZZVlnUMRLs4vyaV9RkGlvUlVAy0ZQ9PDtEDmNnY8Vmna5z4ZwTwqtDQ9YqzoOns= nghia@Nghias-MacBook-19.local', 'nghia:ssh-rsa AAAAB3NzaC1yc2EAAAADAQABAAABgQDk3ooyTW23tl/6ZfvmHZbNV3nOb3RcNflscFujwARv9U/szzyqE9Naoxk4xHAXsloWCdMiVle8ZJb+rgLO2c8DaxCL7cAGL1YQt8NNYpl6bngR9k128SKNZw3yNUvX3sminJoWB2IcF+BnrJDpZiqUjp+R0YbRuaPIhEJwyYk5vIbq4e9wACL3aAkVQ4Vn7WkFv9283ucj1eJJKoYwCD21odbVMsp02ePGCSbp/fhQ71H508XFOZ0uXx6t/gt4Ra+vjvew4BVs9ZbEK8QMJ7ZUJE3SABk7/KyyhzjMHWx4lIvWCq08SZHUUBB4jl1Ldk8iggao3m2+VP7BLc/ufzTau49sJLnsPA3DI6T3zR8UvJVTFaJOhnZouQP9jEO+LKQwRhDO56tCqxc2M9GfRj6OsZNcJ+LvffY8K6xxp7LYelCtow2iDdTDlZHvLfMvfjlEO8mofBDQqmzlFvFPGuxOofiRLdw+zAgYHX80oKSu8xsYRv+G1w3php7RXOPoris= nghiavt@Nghia-TopCG-Air.local', 'nghiavt1:ssh-rsa AAAAB3NzaC1yc2EAAAADAQABAAABgQCmLP9cmjeQFAgcO8ouKN4gTWWYA6X/yJmXPItmugHfazP5TORWN6KY7vlVKFVcfgy0ZmU1PfESJhBwFLMYUY8EqSrq5tQMcWkkbMzJNM+uiHyxVbr4uu4AmTdz/ycWmSIxDSphUjTdzGrSz3DRSduXqduUHvGSGy9TAjKcUr2YHlCl6rLpAEtpspu9AWcLt59qd2MTtUngl/oqdz8xvGArhzVgT9C+bphVMVzjoyXEf5WMZm10b43DEufGjoYf7mY4TDFccwj1Z3GWZqPoe9P4n1U4TGSqsAxnXSyUiZGvmp8xBrbCuBcgPOq9BNjo80S2pBhrEguq3wnEbI9eP9uxVXLlQ7XbVfRDgjmJd8rhphsAHVyWRLbDwm0jTJScIZoPXYmwVS32QRFNSlI4+WO1NxiG80i6nSV+N+nBYyku2+omio0a3PNwoUKFocTHtgzAp54J2HvCIKjHcKXvxligdhKi4tZm/JT/zWk5eI1+vMFkrQi3Kd9YzL/mdFk6OVs= nghiavt1@nghiavt1-pc', 'nghia:ssh-rsa AAAAB3NzaC1yc2EAAAADAQABAAABgQCmLP9cmjeQFAgcO8ouKN4gTWWYA6X/yJmXPItmugHfazP5TORWN6KY7vlVKFVcfgy0ZmU1PfESJhBwFLMYUY8EqSrq5tQMcWkkbMzJNM+uiHyxVbr4uu4AmTdz/ycWmSIxDSphUjTdzGrSz3DRSduXqduUHvGSGy9TAjKcUr2YHlCl6rLpAEtpspu9AWcLt59qd2MTtUngl/oqdz8xvGArhzVgT9C+bphVMVzjoyXEf5WMZm10b43DEufGjoYf7mY4TDFccwj1Z3GWZqPoe9P4n1U4TGSqsAxnXSyUiZGvmp8xBrbCuBcgPOq9BNjo80S2pBhrEguq3wnEbI9eP9uxVXLlQ7XbVfRDgjmJd8rhphsAHVyWRLbDwm0jTJScIZoPXYmwVS32QRFNSlI4+WO1NxiG80i6nSV+N+nBYyku2+omio0a3PNwoUKFocTHtgzAp54J2HvCIKjHcKXvxligdhKi4tZm/JT/zWk5eI1+vMFkrQi3Kd9YzL/mdFk6OVs= nghiavt1@nghiavt1-pc', 'nghia:ssh-rsa AAAAB3NzaC1yc2EAAAADAQABAAABgQDGyf9Fwm5bmfJiQIEUXaVjxCNboCdGEMyC+rJrkNFuEnblvXZbZU5BbGI6rDfXb12aXTRGk6wHaArgqAv/MS3dRh3cwbIwZDfGvfe+4ePMjyBCzdlu2g4Z5jgCOx9O5pNp4V8hBKWmnxu/U6/OlvKf8BG5Z3EHbxacoAm0/9F3yEekcBbvWzGb6IhyQDvePiOyOb8utZUkDrq3X5MU6K3/ssq3C1pZZmYQJeeEFIvGzsDS077m/4psAXV2Kn1jVlmu8nBafzV8vy9gwUALX4JZxA2D71q8fWx/cCM3sEyZlfqcxW5yp3YUy1i0RDd2nr63SFndilmVdWEw7GsuIqU0tdRitCHIS60+sw2adj1ckhpEKpjZyP6dBbe5im2mKJUmnB6jh/TxvgxhKC8DsJLFy/HzOeQKYsbDcxDqR15SHq5a4DOowwP6CvNbO+TkisXFZrumYsy2Uu9wA/zFlG66LLFvRaHm3PNJq4KXB+2W/Nu/Sv+M6xnhFQqnnXU/4e0= vtrngnghia@cs-82902696686-default']
2023-02-24 11:06:58,283 DEBUG    root            Running command [/usr/bin/ssh -t -i /home/nghiavt1/.ssh/google_compute_engine -o CheckHostIP=no -o HashKnownHosts=no -o HostKeyAlias=compute.1902299524625080284 -o IdentitiesOnly=yes -o StrictHostKeyChecking=yes -o UserKnownHostsFile=/home/nghiavt1/.ssh/google_compute_known_hosts nghia@34.83.153.53].
2023-02-24 11:06:58,283 DEBUG    root            Executing command: ['/usr/bin/ssh', '-t', '-i', '/home/nghiavt1/.ssh/google_compute_engine', '-o', 'CheckHostIP=no', '-o', 'HashKnownHosts=no', '-o', 'HostKeyAlias=compute.1902299524625080284', '-o', 'IdentitiesOnly=yes', '-o', 'StrictHostKeyChecking=yes', '-o', 'UserKnownHostsFile=/home/nghiavt1/.ssh/google_compute_known_hosts', 'nghia@34.83.153.53']
2023-02-26 14:09:34,102 INFO     ___FILE_ONLY___ 
Recommendation: To check for possible causes of SSH connectivity issues and get
recommendations, rerun the ssh command with the --troubleshoot option.

gcloud compute ssh warden --project=nghiawarden --zone=us-west1-b --troubleshoot

Or, to investigate an IAP tunneling issue:

gcloud compute ssh warden --project=nghiawarden --zone=us-west1-b --troubleshoot --tunnel-through-iap


2023-02-26 14:09:34,234 DEBUG    root            (gcloud.compute.ssh) [/usr/bin/ssh] exited with return code [255].
Traceback (most recent call last):
  File "/snap/google-cloud-cli/109/lib/googlecloudsdk/calliope/cli.py", line 987, in Execute
    resources = calliope_command.Run(cli=self, args=args)
  File "/snap/google-cloud-cli/109/lib/googlecloudsdk/calliope/backend.py", line 807, in Run
    resources = command_instance.Run(args)
  File "/snap/google-cloud-cli/109/lib/surface/compute/ssh.py", line 431, in Run
    raise e
  File "/snap/google-cloud-cli/109/lib/surface/compute/ssh.py", line 424, in Run
    return_code = cmd.Run(
  File "/snap/google-cloud-cli/109/lib/googlecloudsdk/command_lib/util/ssh/ssh.py", line 1541, in Run
    raise CommandError(args[0], return_code=status)
googlecloudsdk.command_lib.util.ssh.ssh.CommandError: [/usr/bin/ssh] exited with return code [255].
2023-02-26 14:09:34,350 ERROR    root            (gcloud.compute.ssh) [/usr/bin/ssh] exited with return code [255].
