2023-10-16 19:07:12,607 DEBUG    root            Loaded Command Group: ['gcloud', 'auth']
2023-10-16 19:07:12,609 DEBUG    root            Loaded Command Group: ['gcloud', 'auth', 'login']
2023-10-16 19:07:12,611 DEBUG    root            Running [gcloud.auth.login] with arguments: []
2023-10-16 19:07:12,623 DEBUG    requests_oauthlib.oauth2_session Generated new state 7zFF8Wz58Q1k8sgoGcyoBnpDUr7luT.
2023-10-16 19:07:12,789 INFO     ___FILE_ONLY___ Your browser has been opened to visit:

    https://accounts.google.com/o/oauth2/auth?response_type=code&client_id=32555940559.apps.googleusercontent.com&redirect_uri=http%3A%2F%2Flocalhost%3A8085%2F&scope=openid+https%3A%2F%2Fwww.googleapis.com%2Fauth%2Fuserinfo.email+https%3A%2F%2Fwww.googleapis.com%2Fauth%2Fcloud-platform+https%3A%2F%2Fwww.googleapis.com%2Fauth%2Fappengine.admin+https%3A%2F%2Fwww.googleapis.com%2Fauth%2Fsqlservice.login+https%3A%2F%2Fwww.googleapis.com%2Fauth%2Fcompute+https%3A%2F%2Fwww.googleapis.com%2Fauth%2Faccounts.reauth&state=7zFF8Wz58Q1k8sgoGcyoBnpDUr7luT&access_type=offline&code_challenge=JVYamJUSpHlrrLeWXNRIBCGgBuREuW8rLlR-rd1ALBs&code_challenge_method=S256


2023-10-16 19:07:53,046 INFO     google_auth_oauthlib.flow "GET /?state=7zFF8Wz58Q1k8sgoGcyoBnpDUr7luT&code=4/0AfJohXl8O-HRNpe2lTsNgcO4P4qXHv2F1GiLr8h_5xGcjZuoZX3y7K3sIDe0be9lipm_fw&scope=email%20openid%20https://www.googleapis.com/auth/userinfo.email%20https://www.googleapis.com/auth/cloud-platform%20https://www.googleapis.com/auth/appengine.admin%20https://www.googleapis.com/auth/sqlservice.login%20https://www.googleapis.com/auth/compute%20https://www.googleapis.com/auth/accounts.reauth&authuser=1&prompt=consent HTTP/1.1" 200 959
2023-10-16 19:07:53,046 DEBUG    requests_oauthlib.oauth2_session Requesting url https://oauth2.googleapis.com/token using method POST.
2023-10-16 19:07:53,046 DEBUG    requests_oauthlib.oauth2_session Supplying headers {b'Accept': b'application/json', b'Content-Type': b'application/x-www-form-urlencoded;charset=UTF-8', b'user-agent': b'google-cloud-sdk gcloud/450.0.0 command/gcloud.auth.login invocation-id/d2d3f224a36b40aebfd6ac00e0982f4f environment/None environment-version/None client-os/LINUX client-os-ver/6.2.0 client-pltf-arch/x86_64 interactive/True from-script/False python/3.9.16 term/xterm-256color (Linux 6.2.0-33-generic)'} and data {'grant_type': 'authorization_code', 'client_id': '32555940559.apps.googleusercontent.com', 'client_secret': 'ZmssLNjJy2998hD4CTg2ejr2', 'code': '4/0AfJohXl8O-HRNpe2lTsNgcO4P4qXHv2F1GiLr8h_5xGcjZuoZX3y7K3sIDe0be9lipm_fw', 'redirect_uri': 'http://localhost:8085/', 'code_verifier': 'V0R_exhg3KYKjqkG_Uz9UUQICC72JoP2pvoMhFaOpNZYqJjtU6OO4qO1c-Dc5VMBhmgSnuN9QUhQ6NYCJou_mwMpfk4gkxfjZiG07ELsCkFEgbWvOu_u0zTcxp-f5feg'}
2023-10-16 19:07:53,046 DEBUG    requests_oauthlib.oauth2_session Passing through key word arguments {'json': None, 'timeout': None, 'auth': None, 'verify': None, 'proxies': None}.
2023-10-16 19:07:53,048 DEBUG    urllib3.connectionpool Starting new HTTPS connection (1): oauth2.googleapis.com:443
2023-10-16 19:07:53,205 DEBUG    urllib3.connectionpool https://oauth2.googleapis.com:443 "POST /token HTTP/1.1" 200 None
2023-10-16 19:07:53,205 DEBUG    requests_oauthlib.oauth2_session Prepared fetch token request body grant_type=authorization_code&client_id=32555940559.apps.googleusercontent.com&client_secret=ZmssLNjJy2998hD4CTg2ejr2&code=4%2F0AfJohXl8O-HRNpe2lTsNgcO4P4qXHv2F1GiLr8h_5xGcjZuoZX3y7K3sIDe0be9lipm_fw&redirect_uri=http%3A%2F%2Flocalhost%3A8085%2F&code_verifier=V0R_exhg3KYKjqkG_Uz9UUQICC72JoP2pvoMhFaOpNZYqJjtU6OO4qO1c-Dc5VMBhmgSnuN9QUhQ6NYCJou_mwMpfk4gkxfjZiG07ELsCkFEgbWvOu_u0zTcxp-f5feg
2023-10-16 19:07:53,205 DEBUG    requests_oauthlib.oauth2_session Request to fetch token completed with status 200.
2023-10-16 19:07:53,206 DEBUG    requests_oauthlib.oauth2_session Request headers were {'user-agent': b'google-cloud-sdk gcloud/450.0.0 command/gcloud.auth.login invocation-id/d2d3f224a36b40aebfd6ac00e0982f4f environment/None environment-version/None client-os/LINUX client-os-ver/6.2.0 client-pltf-arch/x86_64 interactive/True from-script/False python/3.9.16 term/xterm-256color (Linux 6.2.0-33-generic)', 'Accept-Encoding': 'gzip, deflate', 'Accept': b'application/json', 'Connection': 'keep-alive', 'Content-Type': b'application/x-www-form-urlencoded;charset=UTF-8', 'Content-Length': '387'}
2023-10-16 19:07:53,206 DEBUG    requests_oauthlib.oauth2_session Request body was grant_type=authorization_code&client_id=32555940559.apps.googleusercontent.com&client_secret=ZmssLNjJy2998hD4CTg2ejr2&code=4%2F0AfJohXl8O-HRNpe2lTsNgcO4P4qXHv2F1GiLr8h_5xGcjZuoZX3y7K3sIDe0be9lipm_fw&redirect_uri=http%3A%2F%2Flocalhost%3A8085%2F&code_verifier=V0R_exhg3KYKjqkG_Uz9UUQICC72JoP2pvoMhFaOpNZYqJjtU6OO4qO1c-Dc5VMBhmgSnuN9QUhQ6NYCJou_mwMpfk4gkxfjZiG07ELsCkFEgbWvOu_u0zTcxp-f5feg
2023-10-16 19:07:53,206 DEBUG    requests_oauthlib.oauth2_session Response headers were {'Pragma': 'no-cache', 'Cache-Control': 'no-cache, no-store, max-age=0, must-revalidate', 'Expires': 'Mon, 01 Jan 1990 00:00:00 GMT', 'Date': 'Mon, 16 Oct 2023 12:07:53 GMT', 'Content-Type': 'application/json; charset=utf-8', 'Vary': 'Origin, X-Origin, Referer', 'Content-Encoding': 'gzip', 'Server': 'scaffolding on HTTPServer2', 'X-XSS-Protection': '0', 'X-Frame-Options': 'SAMEORIGIN', 'X-Content-Type-Options': 'nosniff', 'Alt-Svc': 'h3=":443"; ma=2592000,h3-29=":443"; ma=2592000', 'Transfer-Encoding': 'chunked'} and content {
  "access_token": "ya29.a0AfB_byALhazkdfQlasf0uwSxBLZHKygIrXfdzwkypLCE9wIwgA1076cVEIAq2OO5FNbGyLi58YEDqtjAEL7TfAa8phZu8P4gLPX8nBEySTz1-t0mSF_huGNyEsJbt0tP6T_0koixTbusQlhNpLnXElziYj1ZHj5LrWtrEUrwggaCgYKARESARISFQGOcNnCLEKIgcRajubsPjE1ITuWMg0177",
  "expires_in": 3599,
  "refresh_token": "1//0eIjogg4Qd0gnCgYIARAAGA4SNwF-L9IrsQAC9LMpMJZpAodZ6qRXLeFJYbv34DwIWYwI43m-SSxuN00V-HHeJGzl9E61r_vyC30",
  "scope": "https://www.googleapis.com/auth/accounts.reauth https://www.googleapis.com/auth/appengine.admin https://www.googleapis.com/auth/sqlservice.login https://www.googleapis.com/auth/userinfo.email https://www.googleapis.com/auth/cloud-platform openid https://www.googleapis.com/auth/compute",
  "token_type": "Bearer",
  "id_token": "eyJhbGciOiJSUzI1NiIsImtpZCI6IjdkMzM0NDk3NTA2YWNiNzRjZGVlZGFhNjYxODRkMTU1NDdmODM2OTMiLCJ0eXAiOiJKV1QifQ.eyJpc3MiOiJodHRwczovL2FjY291bnRzLmdvb2dsZS5jb20iLCJhenAiOiIzMjU1NTk0MDU1OS5hcHBzLmdvb2dsZXVzZXJjb250ZW50LmNvbSIsImF1ZCI6IjMyNTU1OTQwNTU5LmFwcHMuZ29vZ2xldXNlcmNvbnRlbnQuY29tIiwic3ViIjoiMTA2NTk2MTUxOTc5MTk1NDE3NDI1IiwiZW1haWwiOiJ2dHJuZ25naGlhQGdtYWlsLmNvbSIsImVtYWlsX3ZlcmlmaWVkIjp0cnVlLCJhdF9oYXNoIjoiYXlVNTF3NWYyZDNiX0xRaWd1b21VUSIsImlhdCI6MTY5NzQ1ODA3MywiZXhwIjoxNjk3NDYxNjczfQ.V9aCoOtlbYtZKNPhO6UUbin9swVozMWwLTK4Xu-_So2h7qjoKb5FRpTFIyQSEGJ94SSjfnfY9BiTF6Zg0bm3-s0cibuvylHZddT-xdarxYzm0N9QoWWzptOdSmLkrjnwYvL8jXSZBD9PwVgvnDY-4tmju7hThCZdanAIqps37iEvfae6lWglhWgmGloBApNLte1Nj6dWBYeEEWXhVmwsZ6DMqby2bQvfyg1YnzRj4HpYxfB3jakqRrp-mt3OF0_bUhzZ2nWzEe5URI_XzRzT0LkG4v5B9oJDBiKU3t9irn3wamlhfMxSJzG6e6rT34dabao5XTNT9JTUPvLdYSnipQ"
}.
2023-10-16 19:07:53,206 DEBUG    requests_oauthlib.oauth2_session Invoking 0 token response hooks.
2023-10-16 19:07:53,206 DEBUG    requests_oauthlib.oauth2_session Obtained token {'access_token': 'ya29.a0AfB_byALhazkdfQlasf0uwSxBLZHKygIrXfdzwkypLCE9wIwgA1076cVEIAq2OO5FNbGyLi58YEDqtjAEL7TfAa8phZu8P4gLPX8nBEySTz1-t0mSF_huGNyEsJbt0tP6T_0koixTbusQlhNpLnXElziYj1ZHj5LrWtrEUrwggaCgYKARESARISFQGOcNnCLEKIgcRajubsPjE1ITuWMg0177', 'expires_in': 3599, 'refresh_token': '1//0eIjogg4Qd0gnCgYIARAAGA4SNwF-L9IrsQAC9LMpMJZpAodZ6qRXLeFJYbv34DwIWYwI43m-SSxuN00V-HHeJGzl9E61r_vyC30', 'scope': ['https://www.googleapis.com/auth/accounts.reauth', 'https://www.googleapis.com/auth/appengine.admin', 'https://www.googleapis.com/auth/sqlservice.login', 'https://www.googleapis.com/auth/userinfo.email', 'https://www.googleapis.com/auth/cloud-platform', 'openid', 'https://www.googleapis.com/auth/compute'], 'token_type': 'Bearer', 'id_token': 'eyJhbGciOiJSUzI1NiIsImtpZCI6IjdkMzM0NDk3NTA2YWNiNzRjZGVlZGFhNjYxODRkMTU1NDdmODM2OTMiLCJ0eXAiOiJKV1QifQ.eyJpc3MiOiJodHRwczovL2FjY291bnRzLmdvb2dsZS5jb20iLCJhenAiOiIzMjU1NTk0MDU1OS5hcHBzLmdvb2dsZXVzZXJjb250ZW50LmNvbSIsImF1ZCI6IjMyNTU1OTQwNTU5LmFwcHMuZ29vZ2xldXNlcmNvbnRlbnQuY29tIiwic3ViIjoiMTA2NTk2MTUxOTc5MTk1NDE3NDI1IiwiZW1haWwiOiJ2dHJuZ25naGlhQGdtYWlsLmNvbSIsImVtYWlsX3ZlcmlmaWVkIjp0cnVlLCJhdF9oYXNoIjoiYXlVNTF3NWYyZDNiX0xRaWd1b21VUSIsImlhdCI6MTY5NzQ1ODA3MywiZXhwIjoxNjk3NDYxNjczfQ.V9aCoOtlbYtZKNPhO6UUbin9swVozMWwLTK4Xu-_So2h7qjoKb5FRpTFIyQSEGJ94SSjfnfY9BiTF6Zg0bm3-s0cibuvylHZddT-xdarxYzm0N9QoWWzptOdSmLkrjnwYvL8jXSZBD9PwVgvnDY-4tmju7hThCZdanAIqps37iEvfae6lWglhWgmGloBApNLte1Nj6dWBYeEEWXhVmwsZ6DMqby2bQvfyg1YnzRj4HpYxfB3jakqRrp-mt3OF0_bUhzZ2nWzEe5URI_XzRzT0LkG4v5B9oJDBiKU3t9irn3wamlhfMxSJzG6e6rT34dabao5XTNT9JTUPvLdYSnipQ', 'expires_at': 1697461672.2062855}.
2023-10-16 19:07:53,210 INFO     ___FILE_ONLY___ 
You are now logged in as [vtrngnghia@gmail.com].
Your current project is [nghiawarden].  You can change this setting by running:
  $ gcloud config set project PROJECT_ID

2023-10-16 19:07:53,210 DEBUG    root            Chosen display Format:none
2023-10-16 19:07:53,211 INFO     root            Display format: "none"
2023-10-16 19:07:53,211 DEBUG    root            SDK update checks are disabled.
2023-10-16 19:07:53,212 INFO     ___FILE_ONLY___ 

To take a quick anonymous survey, run:
  $ gcloud survey


